time="2023-06-08T20:32:38+03:00" level=info msg="Create router" func="github.com/sirupsen/logrus.(*Entry).Info()" file="entry.go 285"
time="2023-06-08T20:32:38+03:00" level=info func="github.com/sirupsen/logrus.(*Entry).Info()" file="entry.go 285"
time="2023-06-08T20:32:38+03:00" level=fatal msg="open ./internal/config/config.yml: The system cannot find the file specified." func="github.com/sirupsen/logrus.(*Entry).Fatal()" file="entry.go 301"
time="2023-06-08T20:33:23+03:00" level=info msg="Create router" func="github.com/sirupsen/logrus.(*Entry).Info()" file="entry.go 285"
time="2023-06-08T20:33:23+03:00" level=info msg="Register book handlers" func="github.com/sirupsen/logrus.(*Entry).Info()" file="entry.go 285"
time="2023-06-08T20:33:23+03:00" level=info msg="Start application" func="github.com/sirupsen/logrus.(*Entry).Info()" file="entry.go 285"
time="2023-06-08T20:33:23+03:00" level=info msg="Listen TCP" func="github.com/sirupsen/logrus.(*Entry).Info()" file="entry.go 285"
time="2023-06-08T20:33:23+03:00" level=info msg="Server is listening port :10000" func="github.com/sirupsen/logrus.(*Entry).Logf()" file="entry.go 314"
time="2023-06-08T20:35:01+03:00" level=info msg="Create router" func="github.com/sirupsen/logrus.(*Entry).Info()" file="entry.go 285"
time="2023-06-08T20:35:01+03:00" level=info msg="Register book handlers" func="github.com/sirupsen/logrus.(*Entry).Info()" file="entry.go 285"
time="2023-06-08T20:35:01+03:00" level=info msg="Start application" func="github.com/sirupsen/logrus.(*Entry).Info()" file="entry.go 285"
time="2023-06-08T20:35:01+03:00" level=info msg="Listen TCP" func="github.com/sirupsen/logrus.(*Entry).Info()" file="entry.go 285"
time="2023-06-08T20:35:01+03:00" level=info msg="Server is listening port :10000" func="github.com/sirupsen/logrus.(*Entry).Logf()" file="entry.go 314"
time="2023-06-08T20:37:18+03:00" level=info msg="Create router" func="github.com/sirupsen/logrus.(*Entry).Info()" file="entry.go 285"
time="2023-06-08T20:37:18+03:00" level=info msg="Register book handlers" func="github.com/sirupsen/logrus.(*Entry).Info()" file="entry.go 285"
time="2023-06-08T20:37:18+03:00" level=info msg="Start application" func="github.com/sirupsen/logrus.(*Entry).Info()" file="entry.go 285"
time="2023-06-08T20:37:18+03:00" level=info msg="Listen TCP" func="github.com/sirupsen/logrus.(*Entry).Info()" file="entry.go 285"
time="2023-06-08T20:37:18+03:00" level=info msg="Server is listening port :10000" func="github.com/sirupsen/logrus.(*Entry).Logf()" file="entry.go 314"
time="2023-06-08T20:38:10+03:00" level=info msg="Create router" func="github.com/sirupsen/logrus.(*Entry).Info()" file="entry.go 285"
time="2023-06-08T20:38:10+03:00" level=info msg="Register book handlers" func="github.com/sirupsen/logrus.(*Entry).Info()" file="entry.go 285"
time="2023-06-08T20:38:10+03:00" level=info msg="Start application" func="github.com/sirupsen/logrus.(*Entry).Info()" file="entry.go 285"
time="2023-06-08T20:38:10+03:00" level=info msg="Listen TCP" func="github.com/sirupsen/logrus.(*Entry).Info()" file="entry.go 285"
time="2023-06-08T20:38:10+03:00" level=info msg="Server is listening port :10000" func="github.com/sirupsen/logrus.(*Entry).Logf()" file="entry.go 314"
time="2023-06-08T20:38:45+03:00" level=info msg="Create router" func="github.com/sirupsen/logrus.(*Entry).Info()" file="entry.go 285"
time="2023-06-08T20:38:45+03:00" level=info msg="Register book handlers" func="github.com/sirupsen/logrus.(*Entry).Info()" file="entry.go 285"
time="2023-06-08T20:38:45+03:00" level=info msg="Start application" func="github.com/sirupsen/logrus.(*Entry).Info()" file="entry.go 285"
time="2023-06-08T20:38:45+03:00" level=info msg="Listen TCP" func="github.com/sirupsen/logrus.(*Entry).Info()" file="entry.go 285"
time="2023-06-08T20:38:45+03:00" level=info msg="Server is listening port :10000" func="github.com/sirupsen/logrus.(*Entry).Logf()" file="entry.go 314"
time="2023-06-08T20:39:04+03:00" level=info msg="Create router" func="github.com/sirupsen/logrus.(*Entry).Info()" file="entry.go 285"
time="2023-06-08T20:39:04+03:00" level=info msg="Register book handlers" func="github.com/sirupsen/logrus.(*Entry).Info()" file="entry.go 285"
time="2023-06-08T20:39:04+03:00" level=info msg="Start application" func="github.com/sirupsen/logrus.(*Entry).Info()" file="entry.go 285"
time="2023-06-08T20:39:04+03:00" level=info msg="Listen TCP" func="github.com/sirupsen/logrus.(*Entry).Info()" file="entry.go 285"
time="2023-06-08T20:39:04+03:00" level=info msg="Server is listening port :10000" func="github.com/sirupsen/logrus.(*Entry).Logf()" file="entry.go 314"
time="2023-06-08T20:39:22+03:00" level=info msg="Create router" func="github.com/sirupsen/logrus.(*Entry).Info()" file="entry.go 285"
time="2023-06-08T20:39:22+03:00" level=info msg="Register book handlers" func="github.com/sirupsen/logrus.(*Entry).Info()" file="entry.go 285"
time="2023-06-08T20:39:22+03:00" level=info msg="Start application" func="github.com/sirupsen/logrus.(*Entry).Info()" file="entry.go 285"
time="2023-06-08T20:39:22+03:00" level=info msg="Listen TCP" func="github.com/sirupsen/logrus.(*Entry).Info()" file="entry.go 285"
time="2023-06-08T20:39:22+03:00" level=info msg="Server is listening port :10000" func="github.com/sirupsen/logrus.(*Entry).Logf()" file="entry.go 314"
time="2023-06-08T20:39:40+03:00" level=info msg="Create router" func="github.com/sirupsen/logrus.(*Entry).Info()" file="entry.go 285"
time="2023-06-08T20:39:40+03:00" level=info msg="Register book handlers" func="github.com/sirupsen/logrus.(*Entry).Info()" file="entry.go 285"
time="2023-06-08T20:39:40+03:00" level=info msg="Start application" func="github.com/sirupsen/logrus.(*Entry).Info()" file="entry.go 285"
time="2023-06-08T20:39:40+03:00" level=info msg="Listen TCP" func="github.com/sirupsen/logrus.(*Entry).Info()" file="entry.go 285"
time="2023-06-08T20:39:40+03:00" level=info msg="Server is listening port :10000" func="github.com/sirupsen/logrus.(*Entry).Logf()" file="entry.go 314"
